This is LuaTeX, Version beta-0.80.0 (TeX Live 2015/Debian) (rev 5238)  (format=lualatex 2016.3.25)  22 MAY 2016 22:27
 restricted \write18 enabled.
**vita.tex
(./vita.tex
LaTeX2e <2015/01/01>
Babel <3.9l> and hyphenation patterns for 79 languages loaded.
(/usr/share/texlive/texmf-dist/tex/latex/base/article.cls
Document Class: article 2014/09/29 v1.4h Standard LaTeX document class
(/usr/share/texlive/texmf-dist/tex/latex/base/size12.clo
File: size12.clo 2014/09/29 v1.4h Standard LaTeX file (size option)
)
\c@part=\count79
\c@section=\count80
\c@subsection=\count81
\c@subsubsection=\count82
\c@paragraph=\count83
\c@subparagraph=\count84
\c@figure=\count85
\c@table=\count86
\abovecaptionskip=\skip41
\belowcaptionskip=\skip42
\bibindent=\dimen102
)
(/usr/share/texlive/texmf-dist/tex/latex/url/url.sty
\Urlmuskip=\muskip10
Package: url 2013/09/16  ver 3.4  Verb mode for urls, etc.
)
(/usr/share/texlive/texmf-dist/tex/latex/fancyhdr/fancyhdr.sty
\fancy@headwidth=\skip43
\f@ncyO@elh=\skip44
\f@ncyO@erh=\skip45
\f@ncyO@olh=\skip46
\f@ncyO@orh=\skip47
\f@ncyO@elf=\skip48
\f@ncyO@erf=\skip49
\f@ncyO@olf=\skip50
\f@ncyO@orf=\skip51
)
(/usr/share/texlive/texmf-dist/tex/latex/lastpage/lastpage.sty
Package: lastpage 2015/03/29 v1.2m Refers to last page's name (HMM; JPG)
)
(/usr/share/texlive/texmf-dist/tex/latex/enumitem/enumitem.sty
Package: enumitem 2011/09/28 v3.5.2 Customized lists
\enitkv@toks@=\toks14
\labelindent=\skip52
\enit@outerparindent=\dimen103
\enit@toks=\toks15
\enit@inbox=\box26
\enitdp@description=\count87
)
(/usr/share/texlive/texmf-dist/tex/latex/l3packages/xparse/xparse.sty
(/usr/share/texlive/texmf-dist/tex/latex/l3kernel/expl3.sty
Package: expl3 2015/06/15 v5630 L3 programming layer (loader) 

(/usr/share/texlive/texmf-dist/tex/latex/l3kernel/expl3-code.tex
Package: expl3 2015/06/15 v5630 L3 programming layer (code) 
L3 Module: l3bootstrap 2015/05/20 v5608 L3 Bootstrap code
L3 Module: l3names 2015/02/24 v5535 L3 Namespace for primitives
L3 Module: l3basics 2015/01/27 v5500 L3 Basic definitions
L3 Module: l3expan 2014/11/27 v5472 L3 Argument expansion
L3 Module: l3tl 2015/01/27 v5500 L3 Token lists
L3 Module: l3str 2015/03/01 v5545 L3 Strings
L3 Module: l3seq 2014/08/23 v5354 L3 Sequences and stacks
L3 Module: l3int 2015/02/21 v5529 L3 Integers
\c_max_int=\count88
\l_tmpa_int=\count89
\l_tmpb_int=\count90
\g_tmpa_int=\count91
\g_tmpb_int=\count92
L3 Module: l3quark 2014/08/23 v5354 L3 Quarks
L3 Module: l3prg 2015/04/13 v5566 L3 Control structures
\g__prg_map_int=\count93
L3 Module: l3clist 2014/08/23 v5354 L3 Comma separated lists
L3 Module: l3token 2014/09/15 v5422 L3 Experimental token manipulation
L3 Module: l3prop 2014/08/23 v5354 L3 Property lists
L3 Module: l3msg 2015/02/26 v5537 L3 Messages
L3 Module: l3file 2015/06/07 v5627 L3 File and I/O operations
\l_iow_line_count_int=\count94
\l__iow_target_count_int=\count95
\l__iow_current_line_int=\count96
\l__iow_current_word_int=\count97
\l__iow_current_indentation_int=\count98
L3 Module: l3skip 2015/05/18 v5607 L3 Dimensions and skips
\c_zero_dim=\dimen104
\c_max_dim=\dimen105
\l_tmpa_dim=\dimen106
\l_tmpb_dim=\dimen107
\g_tmpa_dim=\dimen108
\g_tmpb_dim=\dimen109
\c_zero_skip=\skip53
\c_max_skip=\skip54
\l_tmpa_skip=\skip55
\l_tmpb_skip=\skip56
\g_tmpa_skip=\skip57
\g_tmpb_skip=\skip58
\c_zero_muskip=\muskip11
\c_max_muskip=\muskip12
\l_tmpa_muskip=\muskip13
\l_tmpb_muskip=\muskip14
\g_tmpa_muskip=\muskip15
\g_tmpb_muskip=\muskip16
L3 Module: l3keys 2015/06/14 v5629 L3 Key-value interfaces
\g__keyval_level_int=\count99
\l_keys_choice_int=\count100
L3 Module: l3fp 2014/08/22 v5336 L3 Floating points
\c__fp_leading_shift_int=\count101
\c__fp_middle_shift_int=\count102
\c__fp_trailing_shift_int=\count103
\c__fp_big_leading_shift_int=\count104
\c__fp_big_middle_shift_int=\count105
\c__fp_big_trailing_shift_int=\count106
\c__fp_Bigg_leading_shift_int=\count107
\c__fp_Bigg_middle_shift_int=\count108
\c__fp_Bigg_trailing_shift_int=\count109
L3 Module: l3box 2014/08/23 v5354 L3 Experimental boxes
\c_empty_box=\box27
\l_tmpa_box=\box28
\l_tmpb_box=\box29
\g_tmpa_box=\box30
\g_tmpb_box=\box31
L3 Module: l3coffins 2014/08/23 v5354 L3 Coffin code layer
\l__coffin_internal_box=\box32
\l__coffin_internal_dim=\dimen110
\l__coffin_offset_x_dim=\dimen111
\l__coffin_offset_y_dim=\dimen112
\l__coffin_x_dim=\dimen113
\l__coffin_y_dim=\dimen114
\l__coffin_x_prime_dim=\dimen115
\l__coffin_y_prime_dim=\dimen116
\c_empty_coffin=\box33
\l__coffin_aligned_coffin=\box34
\l__coffin_aligned_internal_coffin=\box35
\l_tmpa_coffin=\box36
\l_tmpb_coffin=\box37
\l__coffin_display_coffin=\box38
\l__coffin_display_coord_coffin=\box39
\l__coffin_display_pole_coffin=\box40
\l__coffin_display_offset_dim=\dimen117
\l__coffin_display_x_dim=\dimen118
\l__coffin_display_y_dim=\dimen119
L3 Module: l3color 2014/08/23 v5354 L3 Experimental color support
L3 Module: l3candidates 2015/05/21 v5613 L3 Experimental additions to l3kernel
\l__box_top_dim=\dimen120
\l__box_bottom_dim=\dimen121
\l__box_left_dim=\dimen122
\l__box_right_dim=\dimen123
\l__box_top_new_dim=\dimen124
\l__box_bottom_new_dim=\dimen125
\l__box_left_new_dim=\dimen126
\l__box_right_new_dim=\dimen127
\l__box_internal_box=\box41
\l__coffin_bounding_shift_dim=\dimen128
\l__coffin_left_corner_dim=\dimen129
\l__coffin_right_corner_dim=\dimen130
\l__coffin_bottom_corner_dim=\dimen131
\l__coffin_top_corner_dim=\dimen132
\l__coffin_scaled_total_height_dim=\dimen133
\l__coffin_scaled_width_dim=\dimen134
)
(/usr/share/texlive/texmf-dist/tex/latex/l3kernel/l3unicode-data.def
File: l3unicode-data.def 2015/03/01 v5544 L3 Unicode data
)
(/usr/share/texlive/texmf-dist/tex/latex/l3kernel/l3pdfmode.def
File: l3pdfmode.def 2015/05/21 v5613 L3 Experimental driver: PDF mode
\l__driver_color_stack_int=\count110
))
Package: xparse 2015/06/15 v5630 L3 Experimental document command parser
\l__xparse_current_arg_int=\count111
\l__xparse_m_args_int=\count112
\l__xparse_mandatory_args_int=\count113
\l__xparse_processor_int=\count114
\l__xparse_v_nesting_int=\count115
)
(/usr/share/texlive/texmf-dist/tex/latex/mathdesign/mathdesign.sty
Package: mathdesign 2013/08/29 v2.31 Math Design Project

(/usr/share/texlive/texmf-dist/tex/latex/graphics/keyval.sty
Package: keyval 2014/10/28 v1.15 key=value parser (DPC)
\KV@toks@=\toks16
)
(/usr/share/texlive/texmf-dist/tex/latex/base/ifthen.sty
Package: ifthen 2014/09/29 v1.1c Standard LaTeX ifthen package (DPC)
)
(/usr/share/texlive/texmf-dist/tex/latex/mathdesign/mdpgd/mdpgd.cfg)
(/usr/share/texlive/texmf-dist/tex/latex/mathdesign/mdpgd/mdpgd.sty
Package: mdpgd 2013/08/29 v2.31 adobe adobe garamond pro + mdpgd (Math Design Pr
oject)

(/usr/share/texlive/texmf-dist/tex/latex/mathdesign/mdfont.def
File: mdfont.def 2013/08/29 v2.31 (Math Design Project)
)
(/usr/share/texlive/texmf-dist/tex/latex/mathdesign/mdsffont.def
File: mdsffont.def 2013/08/29 v2.31 (Math Design Project)
)
(/usr/share/texlive/texmf-dist/tex/latex/mathdesign/mdttfont.def
File: mdttfont.def 2013/08/29 v2.31 (Math Design Project)
)
\symmdcal=\mathgroup4
LaTeX Font Info:    Overwriting symbol font `mdcal' in version `bold'
(Font)                  OMS/mdpgd/m/n --> OMS/mdpgd/b/n on input line 97.
\symmdscr=\mathgroup5
LaTeX Font Info:    Overwriting symbol font `mdscr' in version `bold'
(Font)                  OMS/mdpgd/m/n --> OMS/mdpgd/b/n on input line 103.
LaTeX Font Info:    Overwriting math alphabet `\mathfrak' in version `bold'
(Font)                  U/xmdeuf/m/n --> U/xmdeuf/b/n on input line 110.
LaTeX Font Info:    Overwriting symbol font `operators' in version `normal'
(Font)                  OT1/cmr/m/n --> OT1/mdpgd/m/n on input line 121.
LaTeX Font Info:    Overwriting symbol font `letters' in version `normal'
(Font)                  OML/cmm/m/it --> OML/mdpgd/m/it on input line 122.
LaTeX Font Info:    Overwriting symbol font `symbols' in version `normal'
(Font)                  OMS/cmsy/m/n --> OMS/mdpgd/m/n on input line 123.
LaTeX Font Info:    Overwriting symbol font `largesymbols' in version `normal'
(Font)                  OMX/cmex/m/n --> OMX/mdpgd/m/n on input line 124.
LaTeX Font Info:    Overwriting symbol font `operators' in version `bold'
(Font)                  OT1/cmr/bx/n --> OT1/mdpgd/b/n on input line 126.
LaTeX Font Info:    Overwriting symbol font `letters' in version `bold'
(Font)                  OML/cmm/b/it --> OML/mdpgd/b/it on input line 127.
LaTeX Font Info:    Overwriting symbol font `symbols' in version `bold'
(Font)                  OMS/cmsy/b/n --> OMS/mdpgd/b/n on input line 128.
LaTeX Font Info:    Overwriting symbol font `largesymbols' in version `bold'
(Font)                  OMX/cmex/m/n --> OMX/mdpgd/b/n on input line 129.
LaTeX Font Info:    Overwriting math alphabet `\mathrm' in version `normal'
(Font)                  OT1/mdpgd/m/n --> OT1/mdpgd/m/n on input line 131.
LaTeX Font Info:    Overwriting math alphabet `\mathbf' in version `normal'
(Font)                  OT1/cmr/bx/n --> OT1/mdpgd/b/n on input line 132.
LaTeX Font Info:    Overwriting math alphabet `\mathit' in version `normal'
(Font)                  OT1/cmr/m/it --> OT1/mdpgd/m/it on input line 133.
LaTeX Font Info:    Overwriting math alphabet `\mathsf' in version `normal'
(Font)                  OT1/cmss/m/n --> OT1/cmss/m/n on input line 134.
LaTeX Font Info:    Overwriting math alphabet `\mathtt' in version `normal'
(Font)                  OT1/cmtt/m/n --> OT1/cmtt/m/n on input line 135.
LaTeX Font Info:    Overwriting math alphabet `\mathrm' in version `bold'
(Font)                  OT1/mdpgd/b/n --> OT1/mdpgd/b/n on input line 137.
LaTeX Font Info:    Overwriting math alphabet `\mathbf' in version `bold'
(Font)                  OT1/cmr/bx/n --> OT1/mdpgd/b/n on input line 138.
LaTeX Font Info:    Overwriting math alphabet `\mathit' in version `bold'
(Font)                  OT1/cmr/bx/it --> OT1/mdpgd/b/it on input line 139.
LaTeX Font Info:    Overwriting math alphabet `\mathsf' in version `bold'
(Font)                  OT1/cmss/bx/n --> OT1/cmss/b/n on input line 140.
LaTeX Font Info:    Overwriting math alphabet `\mathtt' in version `bold'
(Font)                  OT1/cmtt/m/n --> OT1/cmtt/b/n on input line 141.
\symlettersupright=\mathgroup6
LaTeX Font Info:    Overwriting symbol font `lettersupright' in version `bold'
(Font)                  OML/mdpgd/m/n --> OML/mdpgd/b/n on input line 144.
LaTeX Font Info:    Redeclaring math alphabet \mathrm on input line 145.
LaTeX Font Info:    Overwriting math alphabet `\mathcal' in version `normal'
(Font)                  OMS/mdpgd/m/n --> OMS/mdpgd/m/n on input line 167.

(/usr/share/texlive/texmf-dist/tex/latex/xkeyval/xkeyval.sty
Package: xkeyval 2014/12/03 v2.7a package option processing (HA)

(/usr/share/texlive/texmf-dist/tex/generic/xkeyval/xkeyval.tex
(/usr/share/texlive/texmf-dist/tex/generic/xkeyval/xkvutils.tex
\XKV@toks=\toks17
\XKV@tempa@toks=\toks18
)
\XKV@depth=\count116
File: xkeyval.tex 2014/12/03 v2.7a key=value parser (HA)
))
LaTeX Font Info:    Try loading font information for OT1+mdpgd on input line 186
.

(/usr/share/texlive/texmf-dist/tex/latex/mathdesign/mdpgd/ot1mdpgd.fd
File: ot1mdpgd.fd 2013/08/29 Fontinst v1.933 font definitions for OT1/mdpgd.
)
LaTeX Font Info:    Redeclaring math accent \widetilde on input line 449.
LaTeX Font Info:    Redeclaring math accent \widehat on input line 450.
\symmathdesignA=\mathgroup7
LaTeX Font Info:    Overwriting symbol font `mathdesignA' in version `bold'
(Font)                  MDA/mdpgd/m/n --> MDA/mdpgd/b/n on input line 491.
\symmathdesignB=\mathgroup8
LaTeX Font Info:    Overwriting symbol font `mathdesignB' in version `bold'
(Font)                  MDB/mdpgd/m/n --> MDB/mdpgd/b/n on input line 498.
\@emptytoks=\toks19
LaTeX Font Info:    Redeclaring math accent \widetilde on input line 532.
LaTeX Font Info:    Redeclaring math accent \widehat on input line 533.
\rulethickness=\skip59
)
(/usr/share/texlive/texmf-dist/tex/latex/base/fontenc.sty
Package: fontenc 2005/09/27 v1.99g Standard LaTeX package

(/usr/share/texlive/texmf-dist/tex/latex/base/t1enc.def
File: t1enc.def 2005/09/27 v1.99g Standard LaTeX file
LaTeX Font Info:    Redeclaring font encoding T1 on input line 48.
)
LaTeX Font Info:    Try loading font information for T1+mdpgd on input line 105.


(/usr/share/texlive/texmf-dist/tex/latex/mathdesign/mdpgd/t1mdpgd.fd
File: t1mdpgd.fd 2013/08/29 Fontinst v1.933 font definitions for T1/mdpgd.
)))
(/usr/share/texlive/texmf-dist/tex/latex/fontspec/fontspec.sty
Package: fontspec 2015/03/14 v2.4c Font selection for XeLaTeX and LuaLaTeX

(/usr/share/texlive/texmf-dist/tex/luatex/luaotfload/luaotfload.sty
Package: luaotfload 2014/08/10 v2.5-4 OpenType layout system

(/usr/share/texlive/texmf-dist/tex/luatex/luatexbase/luatexbase.sty
Package: luatexbase 2013/05/11 v0.6 Resource management for the LuaTeX macro pro
grammer

(/usr/share/texlive/texmf-dist/tex/generic/oberdiek/ifluatex.sty
Package: ifluatex 2010/03/01 v1.3 Provides the ifluatex switch (HO)
Package ifluatex Info: LuaTeX detected.
)
(/usr/share/texlive/texmf-dist/tex/generic/oberdiek/luatex.sty
Package: luatex 2010/03/09 v0.4 LuaTeX basic definition package (HO)

(/usr/share/texlive/texmf-dist/tex/generic/oberdiek/infwarerr.sty
Package: infwarerr 2010/04/08 v1.3 Providing info/warning/error messages (HO)
)
(/usr/share/texlive/texmf-dist/tex/latex/etex-pkg/etex.sty
Package: etex 2015/03/02 v2.1 eTeX basic definition package (PEB,DPC)
\et@xins=\count117
)
\LuT@AllocAttribute=\count277
\LuT@AllocCatcodeTable=\count278
\CatcodeTableStack=\count279
\CatcodeTableIniTeX=\catcodetable1
\CatcodeTableString=\catcodetable3
\CatcodeTableOther=\catcodetable5
\CatcodeTableLaTeX=\catcodetable7

(/usr/share/texlive/texmf-dist/tex/generic/oberdiek/luatex-loader.sty
Package: luatex-loader 2010/03/09 v0.4 Lua module loader (HO)

(/usr/share/texlive/texmf-dist/scripts/oberdiek/oberdiek.luatex.lua)))
(/usr/share/texlive/texmf-dist/tex/luatex/luatexbase/luatexbase-compat.sty
Package: luatexbase-compat 2011/05/24 v0.4 Compatibility tools for LuaTeX
)
(/usr/share/texlive/texmf-dist/tex/luatex/luatexbase/luatexbase-modutils.sty
Package: luatexbase-modutils 2013/05/11 v0.6 Module utilities for LuaTeX

(/usr/share/texlive/texmf-dist/tex/luatex/luatexbase/luatexbase-loader.sty
Package: luatexbase-loader 2013/05/11 v0.6 Lua module loader for LuaTeX

(/usr/share/texlive/texmf-dist/tex/luatex/luatexbase/luatexbase.loader.lua))
(/usr/share/texlive/texmf-dist/tex/luatex/luatexbase/modutils.lua)
Lua module: luatexbase-modutils 2013/05/11 0.6 Module utilities for LuaTeX
)
(/usr/share/texlive/texmf-dist/tex/luatex/luatexbase/luatexbase-regs.sty
Package: luatexbase-regs 2011/05/24 v0.4 Registers allocation for LuaTeX
)
(/usr/share/texlive/texmf-dist/tex/luatex/luatexbase/luatexbase-attr.sty
Package: luatexbase-attr 2013/05/11 v0.6 Attributes allocation for LuaTeX

(/usr/share/texlive/texmf-dist/tex/luatex/luatexbase/attr.lua)
Lua module: luatexbase-attr 2013/05/11 0.6 Attributes allocation for LuaTeX
\lltxb@attr@unsetvalue=\count280
)
(/usr/share/texlive/texmf-dist/tex/luatex/luatexbase/luatexbase-cctb.sty
Package: luatexbase-cctb 2013/05/11 v0.6 Catcodetable allocation for LuaTeX

(/usr/share/texlive/texmf-dist/tex/luatex/luatexbase/cctb.lua)
Lua module: luatexbase-cctb 2013/05/11 0.6 Catcodetable allocation for LuaTeX
\lltxb@catcodetable@alloc=\count281
\CatcodeTableStack=\count282
\CatcodeTableIniTeX=\luatexcatcodetable1
\CatcodeTableString=\luatexcatcodetable3
\CatcodeTableOther=\luatexcatcodetable5
\CatcodeTableLaTeX=\luatexcatcodetable7
\CatcodeTableLaTeXAtLetter=\luatexcatcodetable9
\CatcodeTableExpl=\luatexcatcodetable11
)
(/usr/share/texlive/texmf-dist/tex/luatex/luatexbase/luatexbase-mcb.sty
Package: luatexbase-mcb 2013/05/11 v0.6 Callback management for LuaTeX

(/usr/share/texlive/texmf-dist/tex/luatex/luatexbase/mcb.lua)
Lua module: luatexbase-mcb 2013/05/11 0.6 register several functions in a callba
ck
))
(/usr/share/texlive/texmf-dist/tex/luatex/luaotfload/luaotfload-main.lua)
Lua module: luaotfload-main 2014/08/10 2.50003 OpenType layout system.

(/usr/share/texlive/texmf-dist/tex/luatex/luaotfload/luaotfload-log.lua)
(/usr/share/texlive/texmf-dist/tex/luatex/luaotfload/luaotfload-fontloader.lua)(
using write cache: /home/umit/.texmf-var/luatex-cache/generic)(using read cache:
 /var/lib/texmf/luatex-cache/generic /home/umit/.texmf-var/luatex-cache/generic)
luatexbase-attr: luatexbase.attributes["luaotfload@kernpair"] = 1
luatexbase-attr: luatexbase.attributes["luaotfload@ligacomp"] = 2
luatexbase-attr: luatexbase.attributes["luaotfload@markbase"] = 3
luatexbase-attr: luatexbase.attributes["luaotfload@markmark"] = 4
luatexbase-attr: luatexbase.attributes["luaotfload@markdone"] = 5
luatexbase-attr: luatexbase.attributes["luaotfload@cursbase"] = 6
luatexbase-attr: luatexbase.attributes["luaotfload@curscurs"] = 7
luatexbase-attr: luatexbase.attributes["luaotfload@cursdone"] = 8
luatexbase-attr: luatexbase.attributes["luaotfload@state"] = 9
luaotfload | main : fontloader loaded in 0.018 seconds
luatexbase-mcb: inserting 'luaotfload.node_processor'
at position 1 in 'pre_linebreak_filter'
luatexbase-mcb: inserting 'luaotfload.node_processor'
at position 1 in 'hpack_filter'
luatexbase-mcb: inserting 'luaotfload.find_vf_file'
at position 1 in 'find_vf_file'
(/usr/share/texlive/texmf-dist/tex/luatex/luaotfload/luaotfload-override.lua)
(/usr/share/texlive/texmf-dist/tex/luatex/luaotfload/luaotfload-parsers.lua)
(/usr/share/texlive/texmf-dist/tex/luatex/luaotfload/luaotfload-configuration.lu
a)
(/usr/share/texlive/texmf-dist/tex/luatex/luaotfload/luaotfload-status.lua)
luaotfload | conf : Root cache directory is /home/umit/.texmf-var/luatex-cache/g
eneric/names.
(/usr/share/texlive/texmf-dist/tex/luatex/luaotfload/luaotfload-loaders.lua)
(/usr/share/texlive/texmf-dist/tex/luatex/luaotfload/luaotfload-database.lua)
(/usr/share/texlive/texmf-dist/tex/luatex/luaotfload/luaotfload-colors.lua)
luaotfload | conf : Root cache directory is /home/umit/.texmf-var/luatex-cache/g
eneric/names.
luatexbase-mcb: creating 'luaotfload.resolve_font' type 4
luatexbase-mcb: creating 'luaotfload.patch_font' type 4
luatexbase-mcb: resetting callback 'define_font'
luatexbase-mcb: inserting 'luaotfload.define_font'
at position 1 in 'define_font'
(/usr/share/texlive/texmf-dist/tex/luatex/luaotfload/luaotfload-features.lua)
(/usr/share/texlive/texmf-dist/tex/luatex/luaotfload/luaotfload-letterspace.lua)
(/usr/share/texlive/texmf-dist/tex/luatex/luaotfload/luaotfload-auxiliary.lua)
luatexbase-mcb: inserting 'luaotfload.aux.set_sscale_dimens'
at position 1 in 'luaotfload.patch_font'
luatexbase-mcb: inserting 'luaotfload.aux.patch_cambria_domh'
at position 2 in 'luaotfload.patch_font'
luatexbase-mcb: inserting 'luaotfload.aux.set_capheight'
at position 3 in 'luaotfload.patch_font'
luatexbase-mcb: inserting 'luaotfload.rewrite_fontname'
at position 4 in 'luaotfload.patch_font')
(/usr/share/texlive/texmf-dist/tex/latex/fontspec/fontspec.lua)
Lua module: fontspec 2013/05/20 2.3c Advanced font selection for LuaLaTeX.
\l_fontspec_script_int=\count283
\l_fontspec_language_int=\count284
\l_fontspec_strnum_int=\count285
\l__fontspec_tmpa_dim=\dimen256
\l__fontspec_tmpb_dim=\dimen257
\l__fontspec_tmpc_dim=\dimen258
Variant \tl_gset:cV already defined; not changing it on line 71

(/usr/share/texlive/texmf-dist/tex/latex/fontspec/fontspec-patches.sty
Package: fontspec-patches 2015/03/14 v2.4c Font selection for XeLaTeX and LuaLaT
eX
LaTeX Info: Redefining \em on input line 49.
LaTeX Info: Redefining \emph on input line 57.
LaTeX Info: Redefining \- on input line 60.
)
(/usr/share/texlive/texmf-dist/tex/latex/fontspec/fontspec-luatex.sty
Package: fontspec-luatex 2015/03/14 v2.4c Font selection for XeLaTeX and LuaLaTe
X

(/usr/share/texlive/texmf-dist/tex/latex/base/fontenc.sty
Package: fontenc 2005/09/27 v1.99g Standard LaTeX package

(/usr/share/texlive/texmf-dist/tex/latex/euenc/eu2enc.def
File: eu2enc.def 2010/05/27 v0.1h Experimental Unicode font encodings
)
LaTeX Font Info:    Try loading font information for EU2+lmr on input line 105.

(/usr/share/texlive/texmf-dist/tex/latex/euenc/eu2lmr.fd
File: eu2lmr.fd 2009/10/30 v1.6 Font defs for Latin Modern
)
luaotfload | db : Font names database loaded from /home/umit/.texmf-var/luatex-c
ache/generic/names/luaotfload-names.luc(compiling luc: /var/lib/texmf/luatex-cac
he/generic/fonts/otf/lmroman10-regular.luc)(load luc: /home/umit/.texmf-var/luat
ex-cache/generic/fonts/otf/lmroman10-regular.luc))
(/usr/share/texlive/texmf-dist/tex/xelatex/xunicode/xunicode.sty
File: xunicode.sty 2011/09/09 v0.981 provides access to latin accents and many o
ther characters in Unicode lower plane

(/usr/share/texmf/tex/latex/tipa/t3enc.def
File: t3enc.def 2001/12/31 T3 encoding
(compiling luc: /var/lib/texmf/luatex-cache/generic/fonts/otf/lmromanslant10-reg
ular.luc)(load luc: /home/umit/.texmf-var/luatex-cache/generic/fonts/otf/lmroman
slant10-regular.luc)(compiling luc: /var/lib/texmf/luatex-cache/generic/fonts/ot
f/lmroman10-italic.luc)(load luc: /home/umit/.texmf-var/luatex-cache/generic/fon
ts/otf/lmroman10-italic.luc)

LaTeX Font Warning: Font shape `EU2/lmr/sb/n' undefined
(Font)              using `EU2/lmr/m/n' instead on input line 356.

LaTeX Font Info:    Try loading font information for EU2+lmss on input line 357.

(/usr/share/texlive/texmf-dist/tex/latex/euenc/eu2lmss.fd
File: eu2lmss.fd 2009/10/30 v1.6 Font defs for Latin Modern
)(compiling luc: /var/lib/texmf/luatex-cache/generic/fonts/otf/lmsans10-regular.
luc)(load luc: /home/umit/.texmf-var/luatex-cache/generic/fonts/otf/lmsans10-reg
ular.luc))
\tipaTiiicode=\count286
\tipasavetokens=\toks20
\tipachecktokens=\toks21

(/usr/share/texlive/texmf-dist/tex/latex/graphics/graphicx.sty
Package: graphicx 2014/10/28 v1.0g Enhanced LaTeX Graphics (DPC,SPQR)

(/usr/share/texlive/texmf-dist/tex/latex/graphics/graphics.sty
Package: graphics 2014/10/28 v1.0p Standard LaTeX Graphics (DPC,SPQR)

(/usr/share/texlive/texmf-dist/tex/latex/graphics/trig.sty
Package: trig 1999/03/16 v1.09 sin cos tan (DPC)
)
(/usr/share/texlive/texmf-dist/tex/latex/latexconfig/graphics.cfg
File: graphics.cfg 2010/04/23 v1.9 graphics configuration of TeX Live
)
Package graphics Info: Driver file: pdftex.def on input line 94.

(/usr/share/texlive/texmf-dist/tex/latex/pdftex-def/pdftex.def
File: pdftex.def 2011/05/27 v0.06d Graphics/color for pdfTeX

(/usr/share/texlive/texmf-dist/tex/generic/oberdiek/ltxcmds.sty
Package: ltxcmds 2011/11/09 v1.22 LaTeX kernel commands for general use (HO)
)
\Gread@gobject=\count287
))
\Gin@req@height=\dimen259
\Gin@req@width=\dimen260
))
Variant \prop_gput:cnV already defined; not changing it on line 708
Variant \prop_gput:cnx already defined; not changing it on line 709
\l__fontspec_tmp_int=\count288
LaTeX Info: Redefining \itshape on input line 2156.
LaTeX Info: Redefining \slshape on input line 2161.
LaTeX Info: Redefining \scshape on input line 2166.
LaTeX Info: Redefining \upshape on input line 2171.

(/usr/share/texlive/texmf-dist/tex/latex/fontspec/fontspec.cfg)))
(/usr/share/texlive/texmf-dist/tex/latex/microtype/microtype.sty
Package: microtype 2013/05/23 v2.5a Micro-typographical refinements (RS)
\MT@toks=\toks22
\MT@count=\count289
LaTeX Info: Redefining \textls on input line 766.
\MT@outer@kern=\dimen261
LaTeX Info: Redefining \textmicrotypecontext on input line 1285.
\MT@listname@count=\count290

(/usr/share/texlive/texmf-dist/tex/latex/microtype/microtype-luatex.def
File: microtype-luatex.def 2013/05/23 v2.5a Definitions specific to luatex (RS)

(/usr/share/texlive/texmf-dist/tex/latex/microtype/microtype.lua)
Lua module: microtype 2013/05/15 2.5 microtype module.
LaTeX Info: Redefining \lsstyle on input line 644.
LaTeX Info: Redefining \lslig on input line 644.
\MT@outer@space=\skip256
)
Package microtype Info: Loading configuration file microtype.cfg.

(/usr/share/texlive/texmf-dist/tex/latex/microtype/microtype.cfg
File: microtype.cfg 2013/05/23 v2.5a microtype main configuration file (RS)
))
(/usr/share/texlive/texmf-dist/tex/latex/geometry/geometry.sty
Package: geometry 2010/09/12 v5.6 Page Geometry

(/usr/share/texlive/texmf-dist/tex/generic/oberdiek/ifpdf.sty
Package: ifpdf 2011/01/30 v2.3 Provides the ifpdf switch (HO)
Package ifpdf Info: pdfTeX in PDF mode is detected.
)
(/usr/share/texlive/texmf-dist/tex/generic/oberdiek/ifvtex.sty
Package: ifvtex 2010/03/01 v1.5 Detect VTeX and its facilities (HO)
Package ifvtex Info: VTeX not detected.
)
(/usr/share/texlive/texmf-dist/tex/generic/ifxetex/ifxetex.sty
Package: ifxetex 2010/09/12 v0.6 Provides ifxetex conditional
)
\Gm@cnth=\count291
\Gm@cntv=\count292
\c@Gm@tempcnt=\count293
\Gm@bindingoffset=\dimen262
\Gm@wd@mp=\dimen263
\Gm@odd@mp=\dimen264
\Gm@even@mp=\dimen265
\Gm@layoutwidth=\dimen266
\Gm@layoutheight=\dimen267
\Gm@layouthoffset=\dimen268
\Gm@layoutvoffset=\dimen269
\Gm@dimlist=\toks23
)
(/usr/share/texlive/texmf-dist/tex/latex/changepage/changepage.sty
Package: changepage 2009/10/20 v1.0c check page and change page layout
\c@cp@cntr=\count294
\cp@tempcnt=\count295
)
(/usr/share/texlive/texmf-dist/tex/latex/hyperref/hyperref.sty
Package: hyperref 2012/11/06 v6.83m Hypertext links for LaTeX

(/usr/share/texlive/texmf-dist/tex/generic/oberdiek/hobsub-hyperref.sty
Package: hobsub-hyperref 2012/05/28 v1.13 Bundle oberdiek, subset hyperref (HO)

(/usr/share/texlive/texmf-dist/tex/generic/oberdiek/hobsub-generic.sty
Package: hobsub-generic 2012/05/28 v1.13 Bundle oberdiek, subset generic (HO)
Package: hobsub 2012/05/28 v1.13 Construct package bundles (HO)
Package hobsub Info: Skipping package `infwarerr' (already loaded).
Package hobsub Info: Skipping package `ltxcmds' (already loaded).
Package hobsub Info: Skipping package `ifluatex' (already loaded).
Package hobsub Info: Skipping package `ifvtex' (already loaded).
Package: intcalc 2007/09/27 v1.1 Expandable calculations with integers (HO)
Package hobsub Info: Skipping package `ifpdf' (already loaded).
Package: etexcmds 2011/02/16 v1.5 Avoid name clashes with e-TeX commands (HO)
Package: kvsetkeys 2012/04/25 v1.16 Key value parser (HO)
Package: kvdefinekeys 2011/04/07 v1.3 Define keys (HO)
Package hobsub Info: Skipping package `luatex-loader' (already loaded).
Package: pdftexcmds 2011/11/29 v0.20 Utility functions of pdfTeX for LuaTeX (HO)

Package pdftexcmds Info: \pdf@primitive is available.
Package pdftexcmds Info: \pdf@ifprimitive is available.
Package pdftexcmds Info: \pdfdraftmode found.

(/usr/share/texlive/texmf-dist/scripts/oberdiek/pdftexcmds.lua)
\pdftexcmds@toks=\toks24
Package: pdfescape 2011/11/25 v1.13 Implements pdfTeX's escape features (HO)
Package: bigintcalc 2012/04/08 v1.3 Expandable calculations on big integers (HO)

Package: bitset 2011/01/30 v1.1 Handle bit-vector datatype (HO)
Package: uniquecounter 2011/01/30 v1.2 Provide unlimited unique counter (HO)
)
Package hobsub Info: Skipping package `hobsub' (already loaded).
Package: letltxmacro 2010/09/02 v1.4 Let assignment for LaTeX macros (HO)
Package: hopatch 2012/05/28 v1.2 Wrapper for package hooks (HO)
Package: xcolor-patch 2011/01/30 xcolor patch
Package: atveryend 2011/06/30 v1.8 Hooks at the very end of document (HO)
Package atveryend Info: \enddocument detected (standard20110627).
Package: atbegshi 2011/10/05 v1.16 At begin shipout hook (HO)
Package: refcount 2011/10/16 v3.4 Data extraction from label references (HO)
Package: hycolor 2011/01/30 v1.7 Color options for hyperref/bookmark (HO)
)
(/usr/share/texlive/texmf-dist/tex/latex/oberdiek/auxhook.sty
Package: auxhook 2011/03/04 v1.3 Hooks for auxiliary files (HO)
)
(/usr/share/texlive/texmf-dist/tex/latex/oberdiek/kvoptions.sty
Package: kvoptions 2011/06/30 v3.11 Key value format for package options (HO)
)
\@linkdim=\dimen270
\Hy@linkcounter=\count296
\Hy@pagecounter=\count297

(/usr/share/texlive/texmf-dist/tex/latex/hyperref/pd1enc.def
File: pd1enc.def 2012/11/06 v6.83m Hyperref: PDFDocEncoding definition (HO)
)
\Hy@SavedSpaceFactor=\count298

(/usr/share/texlive/texmf-dist/tex/latex/latexconfig/hyperref.cfg
File: hyperref.cfg 2002/06/06 v1.2 hyperref configuration of TeXLive
)
Package hyperref Info: Option `ocgcolorlinks' set `true' on input line 4319.
Package hyperref Info: Option `unicode' set `true' on input line 4319.

(/usr/share/texlive/texmf-dist/tex/latex/hyperref/puenc.def
File: puenc.def 2012/11/06 v6.83m Hyperref: PDF Unicode definition (HO)
)
Package hyperref Info: Option `plainpages' set `false' on input line 4319.
Package hyperref Info: Option `pdfpagelabels' set `true' on input line 4319.
Package hyperref Info: Hyper figures OFF on input line 4443.
Package hyperref Info: Link nesting OFF on input line 4448.
Package hyperref Info: Hyper index ON on input line 4451.
Package hyperref Info: Plain pages OFF on input line 4458.
Package hyperref Info: Backreferencing OFF on input line 4463.
Package hyperref Info: Implicit mode ON; LaTeX internals redefined.
Package hyperref Info: Bookmarks ON on input line 4688.
\c@Hy@tempcnt=\count299
LaTeX Info: Redefining \url on input line 5041.
\XeTeXLinkMargin=\dimen271
\Fld@menulength=\count300
\Field@Width=\dimen272
\Fld@charsize=\dimen273
Package hyperref Info: Hyper figures OFF on input line 6295.
Package hyperref Info: Link nesting OFF on input line 6300.
Package hyperref Info: Hyper index ON on input line 6303.
Package hyperref Info: backreferencing OFF on input line 6310.
Package hyperref Info: Link coloring OFF on input line 6315.
Package hyperref Info: Link coloring with OCG ON on input line 6318.
Package hyperref Info: PDF/A mode OFF on input line 6325.
LaTeX Info: Redefining \ref on input line 6365.
LaTeX Info: Redefining \pageref on input line 6369.
\Hy@abspage=\count301
\c@Item=\count302
\c@Hfootnote=\count303
)

Package hyperref Message: Driver (autodetected): hpdftex.

(/usr/share/texlive/texmf-dist/tex/latex/hyperref/hpdftex.def
File: hpdftex.def 2012/11/06 v6.83m Hyperref driver for pdfTeX
\Fld@listcount=\count304
\c@bookmark@seq@number=\count305

(/usr/share/texlive/texmf-dist/tex/latex/oberdiek/rerunfilecheck.sty
Package: rerunfilecheck 2011/04/15 v1.7 Rerun checks for auxiliary files (HO)
Package uniquecounter Info: New unique counter `rerunfilecheck' on input line 28
2.
)
\Hy@SectionHShift=\skip257
)
\g__file_internal_ior=\read1
luaotfload | cache : Lookup cache loaded from /home/umit/.texmf-var/luatex-cache
/generic/names/luaotfload-lookup-cache.luc.
luaotfload | load : Lookup/name: "Adobe Garamond Pro" -> "Adobe-Garamond-Pro_201
2.ttf"(compiling luc: /var/lib/texmf/luatex-cache/generic/fonts/otf/adobe-garamo
nd-pro-2012.luc)(load luc: /home/umit/.texmf-var/luatex-cache/generic/fonts/otf/
adobe-garamond-pro-2012.luc)
luaotfload | load : Lookup/name: "Adobe Garamond Pro" -> "Adobe-Garamond-Pro_201
2.ttf"
\g__fontspec_family_AdobeGaramondPro_int=\count306
luaotfload | load : Lookup/name: "AGaramondPro-Semibold" -> "Adobe-Garamond-Pro-
Semibold_2011.ttf"(compiling luc: /var/lib/texmf/luatex-cache/generic/fonts/otf/
adobe-garamond-pro-semibold-2011.luc)(load luc: /home/umit/.texmf-var/luatex-cac
he/generic/fonts/otf/adobe-garamond-pro-semibold-2011.luc)
luaotfload | load : Lookup/name: "AGaramondPro-Semibold" -> "Adobe-Garamond-Pro-
Semibold_2011.ttf"
.................................................
. fontspec info: "no-font-shape"
. 
. Could not resolve font AGaramondPro-Semibold/I (it probably doesn't exist).
.................................................
luaotfload | load : Lookup/name: "Adobe Garamond Pro" -> "Adobe-Garamond-Pro_201
2.ttf"
luaotfload | load : Lookup/name: "Adobe Garamond Pro" -> "Adobe-Garamond-Pro-Bol
d-Italic_2007.ttf"(compiling luc: /var/lib/texmf/luatex-cache/generic/fonts/otf/
adobe-garamond-pro-bold-italic-2007.luc)(load luc: /home/umit/.texmf-var/luatex-
cache/generic/fonts/otf/adobe-garamond-pro-bold-italic-2007.luc)
luaotfload | load : Lookup/name: "Adobe Garamond Pro" -> "Adobe-Garamond-Pro_201
2.ttf"
luaotfload | load : Lookup/name: "Adobe Garamond Pro" -> "Adobe-Garamond-Pro-Ita
lic_2009.ttf"(compiling luc: /var/lib/texmf/luatex-cache/generic/fonts/otf/adobe
-garamond-pro-italic-2009.luc)(load luc: /home/umit/.texmf-var/luatex-cache/gene
ric/fonts/otf/adobe-garamond-pro-italic-2009.luc)
luaotfload | load : Lookup/name: "AdobeGaramondPro" -> "Adobe-Garamond-Pro_2012.
ttf"
luaotfload | load : Lookup/name: "AdobeGaramondPro" -> "Adobe-Garamond-Pro_2012.
ttf"(compiling luc: /var/lib/texmf/luatex-cache/generic/fonts/otf/lmroman12-regu
lar.luc)(load luc: /home/umit/.texmf-var/luatex-cache/generic/fonts/otf/lmroman1
2-regular.luc)
luaotfload | load : Lookup/name: "AGaramondPro-Semibold" -> "Adobe-Garamond-Pro-
Semibold_2011.ttf"
luaotfload | load : Lookup/name: "AGaramondPro-Semibold" -> "Adobe-Garamond-Pro-
Semibold_2011.ttf"
luaotfload | load : Lookup/name: "AdobeGaramondPro" -> "Adobe-Garamond-Pro-Itali
c_2009.ttf"
luaotfload | load : Lookup/name: "AdobeGaramondPro" -> "Adobe-Garamond-Pro-Itali
c_2009.ttf"
luaotfload | aux : font no 30 (AGaramondPro-Italic) does not define feature smcp
 for script latn with language dflt
luaotfload | aux : no font with id 30
luaotfload | load : Lookup/name: "AdobeGaramondPro" -> "Adobe-Garamond-Pro-Bold-
Italic_2007.ttf"
luaotfload | load : Lookup/name: "AdobeGaramondPro" -> "Adobe-Garamond-Pro-Bold-
Italic_2007.ttf"
luaotfload | aux : font no 29 (AGaramondPro-BoldItalic) does not define feature 
smcp for script latn with language dflt
luaotfload | aux : no font with id 29
.................................................
. fontspec info: "defining-font"
. 
. Font family 'AdobeGaramondPro(0)' created for font 'Adobe Garamond Pro' with
. options
. [Ligatures=TeX,Ligatures={TeX,Common},BoldFont={AGaramondPro-Semibold}].
. 
. This font family consists of the following shapes:
. 
. * 'normal' with NFSS spec.:
. 
. <->"AdobeGaramondPro:mode=node;script=latn;language=DFLT;+tlig;+trep;+tlig;+tr
ep;+liga;"
. 
. * 'small caps' with NFSS spec.:
. 
. <->"AdobeGaramondPro:mode=node;script=latn;language=DFLT;+tlig;+trep;+tlig;+tr
ep;+liga;+smcp;"
. and font adjustment code:
. 
. 
. * 'bold' with NFSS spec.:
. 
. <->"AGaramondPro-Semibold:mode=node;script=latn;language=DFLT;+tlig;+trep;+tli
g;+trep;+liga;"
. 
. * 'bold small caps' with NFSS spec.:
. 
. <->"AGaramondPro-Semibold:mode=node;script=latn;language=DFLT;+tlig;+trep;+tli
g;+trep;+liga;+smcp;"
. and font adjustment code:
. 
. 
. * 'italic' with NFSS spec.:
. 
. <->"AdobeGaramondPro/I:mode=node;script=latn;language=DFLT;+tlig;+trep;+tlig;+
trep;+liga;"
. 
. * 'small caps' with NFSS spec.:
. 
. and font adjustment code:
. 
. 
. * 'bold italic' with NFSS spec.:
. 
. <->"AdobeGaramondPro/BI:mode=node;script=latn;language=DFLT;+tlig;+trep;+tlig;
+trep;+liga;"
. 
. * 'bold small caps' with NFSS spec.:
. 
. and font adjustment code:
. 
.................................................
luaotfload | load : Lookup/name: "AdobeGaramondPro" -> "Adobe-Garamond-Pro_2012.
ttf"
luaotfload | load : Lookup/name: "Adobe Garamond Pro" -> "Adobe-Garamond-Pro_201
2.ttf"
luaotfload | load : Lookup/name: "Adobe Garamond Pro" -> "Adobe-Garamond-Pro_201
2.ttf"
luaotfload | load : Lookup/name: "Adobe Garamond Pro" -> "Adobe-Garamond-Pro_201
2.ttf"
luaotfload | load : Lookup/name: "Adobe Garamond Pro" -> "Adobe-Garamond-Pro-Bol
d-Italic_2007.ttf"
luaotfload | load : Lookup/name: "Adobe Garamond Pro" -> "Adobe-Garamond-Pro_201
2.ttf"
luaotfload | load : Lookup/name: "Adobe Garamond Pro" -> "Adobe-Garamond-Pro-Bol
d_2008.ttf"(compiling luc: /var/lib/texmf/luatex-cache/generic/fonts/otf/adobe-g
aramond-pro-bold-2008.luc)(load luc: /home/umit/.texmf-var/luatex-cache/generic/
fonts/otf/adobe-garamond-pro-bold-2008.luc)
luaotfload | load : Lookup/name: "Adobe Garamond Pro" -> "Adobe-Garamond-Pro_201
2.ttf"
luaotfload | load : Lookup/name: "Adobe Garamond Pro" -> "Adobe-Garamond-Pro-Ita
lic_2009.ttf"
luaotfload | load : Lookup/name: "AdobeGaramondPro" -> "Adobe-Garamond-Pro_2012.
ttf"
luaotfload | load : Lookup/name: "AdobeGaramondPro" -> "Adobe-Garamond-Pro_2012.
ttf"
luaotfload | load : Lookup/name: "AdobeGaramondPro" -> "Adobe-Garamond-Pro_2012.
ttf"
luaotfload | load : Lookup/name: "AdobeGaramondPro" -> "Adobe-Garamond-Pro-Bold_
2008.ttf"
luaotfload | load : Lookup/name: "AdobeGaramondPro" -> "Adobe-Garamond-Pro-Bold_
2008.ttf"
luaotfload | aux : font no 33 (AGaramondPro-Bold) does not define feature smcp f
or script latn with language dflt
luaotfload | aux : no font with id 33
*************************************************
* fontspec warning: "icu-feature-not-exist-in-font"
* 
* OpenType feature 'Letters=SmallCaps' (+smcp) not available for font
* 'AdobeGaramondPro/B' with script 'Latin' and language 'Default'.
*************************************************
luaotfload | aux : font no 33 (AGaramondPro-Bold) does not define feature smcp f
or script latn with language dflt
luaotfload | aux : no font with id 33
luaotfload | load : Lookup/name: "AdobeGaramondPro" -> "Adobe-Garamond-Pro-Itali
c_2009.ttf"
luaotfload | load : Lookup/name: "AdobeGaramondPro" -> "Adobe-Garamond-Pro-Itali
c_2009.ttf"
luaotfload | aux : font no 30 (AGaramondPro-Italic) does not define feature smcp
 for script latn with language dflt
luaotfload | aux : no font with id 30
*************************************************
* fontspec warning: "icu-feature-not-exist-in-font"
* 
* OpenType feature 'Letters=SmallCaps' (+smcp) not available for font
* 'AdobeGaramondPro/I' with script 'Latin' and language 'Default'.
*************************************************
luaotfload | aux : font no 30 (AGaramondPro-Italic) does not define feature smcp
 for script latn with language dflt
luaotfload | aux : no font with id 30
luaotfload | load : Lookup/name: "AdobeGaramondPro" -> "Adobe-Garamond-Pro-Bold-
Italic_2007.ttf"
luaotfload | load : Lookup/name: "AdobeGaramondPro" -> "Adobe-Garamond-Pro-Bold-
Italic_2007.ttf"
luaotfload | aux : font no 29 (AGaramondPro-BoldItalic) does not define feature 
smcp for script latn with language dflt
luaotfload | aux : no font with id 29
*************************************************
* fontspec warning: "icu-feature-not-exist-in-font"
* 
* OpenType feature 'Letters=SmallCaps' (+smcp) not available for font
* 'AdobeGaramondPro/BI' with script 'Latin' and language 'Default'.
*************************************************
luaotfload | aux : font no 29 (AGaramondPro-BoldItalic) does not define feature 
smcp for script latn with language dflt
luaotfload | aux : no font with id 29
.................................................
. fontspec info: "defining-font"
. 
. Font family 'AdobeGaramondPro(1)' created for font 'Adobe Garamond Pro' with
. options
. [Ligatures=TeX,Ligatures={TeX,Common},Letters=SmallCaps,Color=660000].
. 
. This font family consists of the following shapes:
. 
. * 'normal' with NFSS spec.:
. 
. <->"AdobeGaramondPro:mode=node;script=latn;language=DFLT;+tlig;+trep;+tlig;+tr
ep;+liga;+smcp;color=660000FF
. ;"
. 
. * 'small caps' with NFSS spec.:
. 
. <->"AdobeGaramondPro:mode=node;script=latn;language=DFLT;+tlig;+trep;+tlig;+tr
ep;+liga;+smcp;+smcp;color=660000FF
. ;"
. and font adjustment code:
. 
. 
. * 'bold' with NFSS spec.:
. 
. <->"AdobeGaramondPro/B:mode=node;script=latn;language=DFLT;+tlig;+trep;+tlig;+
trep;+liga;color=660000FF
. ;"
. 
. * 'bold small caps' with NFSS spec.:
. 
. and font adjustment code:
. 
. 
. * 'italic' with NFSS spec.:
. 
. <->"AdobeGaramondPro/I:mode=node;script=latn;language=DFLT;+tlig;+trep;+tlig;+
trep;+liga;color=660000FF
. ;"
. 
. * 'small caps' with NFSS spec.:
. 
. and font adjustment code:
. 
. 
. * 'bold italic' with NFSS spec.:
. 
. <->"AdobeGaramondPro/BI:mode=node;script=latn;language=DFLT;+tlig;+trep;+tlig;
+trep;+liga;color=660000FF
. ;"
. 
. * 'bold small caps' with NFSS spec.:
. 
. and font adjustment code:
. 
.................................................
luaotfload | load : Lookup/name: "FontAwesome" -> "FontAwesome.otf"(compiling lu
c: /var/lib/texmf/luatex-cache/generic/fonts/otf/fontawesome.luc)(load luc: /hom
e/umit/.texmf-var/luatex-cache/generic/fonts/otf/fontawesome.luc)
luaotfload | load : Lookup/name: "FontAwesome" -> "FontAwesome.otf"
luaotfload | aux : font no 35 (FontAwesome) defines no feature for script latn
luaotfload | aux : no font with id 35
.................................................
. fontspec info: "no-scripts"
. 
. Font FontAwesome does not contain any OpenType `Script' information.
.................................................
\g__fontspec_family_FontAwesome_int=\count307
luaotfload | load : Lookup/name: "FontAwesome" -> "FontAwesome.otf"
luaotfload | load : Lookup/name: "FontAwesome" -> "FontAwesome.otf"
.................................................
. fontspec info: "no-font-shape"
. 
. Could not resolve font FontAwesome/BI (it probably doesn't exist).
.................................................
luaotfload | load : Lookup/name: "FontAwesome" -> "FontAwesome.otf"
luaotfload | load : Lookup/name: "FontAwesome" -> "FontAwesome.otf"
.................................................
. fontspec info: "no-font-shape"
. 
. Could not resolve font FontAwesome/B (it probably doesn't exist).
.................................................
luaotfload | load : Lookup/name: "FontAwesome" -> "FontAwesome.otf"
luaotfload | load : Lookup/name: "FontAwesome" -> "FontAwesome.otf"
.................................................
. fontspec info: "no-font-shape"
. 
. Could not resolve font FontAwesome/I (it probably doesn't exist).
.................................................
luaotfload | load : Lookup/name: "FontAwesome" -> "FontAwesome.otf"
luaotfload | load : Lookup/name: "FontAwesome" -> "FontAwesome.otf"
luaotfload | aux : font no 35 (FontAwesome) does not define feature smcp for scr
ipt  with language 
luaotfload | aux : no font with id 35
.................................................
. fontspec info: "defining-font"
. 
. Font family 'FontAwesome(0)' created for font 'FontAwesome' with options
. [WordSpace={1,0,0},PunctuationSpace=WordSpace,Scale=0.85].
. 
. This font family consists of the following shapes:
. 
. * 'normal' with NFSS spec.:
. <->s*[0.85]"FontAwesome:mode=node;"
. 
. * 'small caps' with NFSS spec.:
. 
. and font adjustment code:
. \fontdimen 2\font =1\fontdimen 2\font \fontdimen 3\font =0\fontdimen 3\font
. \fontdimen 4\font =0\fontdimen 4\font \fontdimen 7\font =0\fontdimen 2\font 
.................................................

(./vita.aux)
\openout1 = vita.aux

LaTeX Font Info:    Checking defaults for OML/cmm/m/it on input line 136.
LaTeX Font Info:    ... okay on input line 136.
LaTeX Font Info:    Checking defaults for T1/cmr/m/n on input line 136.
LaTeX Font Info:    ... okay on input line 136.
LaTeX Font Info:    Checking defaults for OT1/cmr/m/n on input line 136.
LaTeX Font Info:    ... okay on input line 136.
LaTeX Font Info:    Checking defaults for OMS/cmsy/m/n on input line 136.
LaTeX Font Info:    ... okay on input line 136.
LaTeX Font Info:    Checking defaults for OMX/cmex/m/n on input line 136.
LaTeX Font Info:    ... okay on input line 136.
LaTeX Font Info:    Checking defaults for U/cmr/m/n on input line 136.
LaTeX Font Info:    ... okay on input line 136.
LaTeX Font Info:    Checking defaults for MDA/cmr/m/n on input line 136.
LaTeX Font Info:    Try loading font information for MDA+cmr on input line 136.
 (/usr/share/texlive/texmf-dist/tex/latex/mathdesign/mdacmr.fd
File: mdacmr.fd 
)
LaTeX Font Info:    ... okay on input line 136.
LaTeX Font Info:    Checking defaults for MDB/cmr/m/n on input line 136.
LaTeX Font Info:    Try loading font information for MDB+cmr on input line 136.

(/usr/share/texlive/texmf-dist/tex/latex/mathdesign/mdbcmr.fd
File: mdbcmr.fd 
)
LaTeX Font Info:    ... okay on input line 136.
LaTeX Font Info:    Checking defaults for EU2/lmr/m/n on input line 136.
LaTeX Font Info:    ... okay on input line 136.
LaTeX Font Info:    Checking defaults for T3/cmr/m/n on input line 136.
LaTeX Font Info:    Try loading font information for T3+cmr on input line 136.

(/usr/share/texmf/tex/latex/tipa/t3cmr.fd
File: t3cmr.fd 2001/12/31 TIPA font definitions
)
LaTeX Font Info:    ... okay on input line 136.
LaTeX Font Info:    Checking defaults for PD1/pdf/m/n on input line 136.
LaTeX Font Info:    ... okay on input line 136.
LaTeX Font Info:    Checking defaults for PU/pdf/m/n on input line 136.
LaTeX Font Info:    ... okay on input line 136.
Package lastpage Info: Please have a look at the pageslts package at
(lastpage)             https://www.ctan.org/pkg/pageslts
(lastpage)             ! on input line 136.

(/usr/share/texlive/texmf-dist/tex/context/base/supp-pdf.mkii
[Loading MPS to PDF converter (version 2006.09.02).]
\scratchcounter=\count308
\scratchdimen=\dimen274
\scratchbox=\box256
\nofMPsegments=\count309
\nofMParguments=\count310
\everyMPshowfont=\toks25
\MPscratchCnt=\count311
\MPscratchDim=\dimen275
\MPnumerator=\count312
\makeMPintoPDFobject=\count313
\everyMPtoPDFconversion=\toks26
) (/usr/share/texlive/texmf-dist/tex/latex/oberdiek/epstopdf-base.sty
Package: epstopdf-base 2010/02/09 v2.5 Base part for package epstopdf

(/usr/share/texlive/texmf-dist/tex/latex/oberdiek/grfext.sty
Package: grfext 2010/08/19 v1.1 Manage graphics extensions (HO)
)
Package grfext Info: Graphics extension search list:
(grfext)             [.png,.pdf,.jpg,.mps,.tif,.jpeg,.PNG,.PDF,.JPG,.JPEG,.eps]
(grfext)             \AppendGraphicsExtensions on input line 452.

(/usr/share/texlive/texmf-dist/tex/latex/latexconfig/epstopdf-sys.cfg
File: epstopdf-sys.cfg 2010/07/13 v1.3 Configuration of (r)epstopdf for TeX Live

))
LaTeX Info: Redefining \microtypecontext on input line 136.
Package microtype Info: Generating PDF output.
Package microtype Info: Character protrusion enabled (level 2).
Package microtype Info: Using default protrusion set `alltext'.
Package microtype Info: Automatic font expansion enabled (level 2),
(microtype)             stretch: 20, shrink: 20, step: 1, non-selected.
Package microtype Info: Using default expansion set `basictext'.
Package microtype Info: No adjustment of tracking.
Package microtype Info: No adjustment of spacing.
Package microtype Info: No adjustment of kerning.
Package microtype Info: Loading generic settings for font family
(microtype)             `AdobeGaramondPro' (encoding: EU2).
(microtype)             For optimal results, create family-specific settings.
(microtype)             See the microtype manual for details.

*geometry* driver: auto-detecting
*geometry* detected driver: pdftex
*geometry* verbose mode - [ preamble ] result:
* driver: pdftex
* paper: letterpaper
* layout: <same size as paper>
* layoutoffset:(h,v)=(0.0pt,0.0pt)
* modes: 
* h-part:(L,W,R)=(144.54pt, 397.48502pt, 72.26999pt)
* v-part:(T,H,B)=(99.37125pt, 614.295pt, 81.30374pt)
* \paperwidth=614.295pt
* \paperheight=794.96999pt
* \textwidth=397.48502pt
* \textheight=614.295pt
* \oddsidemargin=72.27pt
* \evensidemargin=72.27pt
* \topmargin=-9.89874pt
* \headheight=12.0pt
* \headsep=25.0pt
* \topskip=12.0pt
* \footskip=30.0pt
* \marginparwidth=44.0pt
* \marginparsep=10.0pt
* \columnsep=10.0pt
* \skip\footins=10.8pt plus 4.0pt minus 2.0pt
* \hoffset=0.0pt
* \voffset=0.0pt
* \mag=1000
* \@twocolumnfalse
* \@twosidefalse
* \@mparswitchfalse
* \@reversemarginfalse
* (1in=72.27pt=25.4mm, 1cm=28.453pt)

\AtBeginShipoutBox=\box257
Package hyperref Info: Option `colorlinks' set `true' on input line 136.
(/usr/share/texlive/texmf-dist/tex/latex/graphics/color.sty
Package: color 2014/10/28 v1.1a Standard LaTeX Color (DPC)
LaTeX Info: Redefining \color on input line 81.

(/usr/share/texlive/texmf-dist/tex/latex/latexconfig/color.cfg
File: color.cfg 2007/01/18 v1.5 color configuration of teTeX/TeXLive
)
Package color Info: Driver file: pdftex.def on input line 142.
)
Package hyperref Info: Link coloring ON on input line 136.

(/usr/share/texlive/texmf-dist/tex/latex/hyperref/nameref.sty
Package: nameref 2012/10/27 v2.43 Cross-referencing by name of section

(/usr/share/texlive/texmf-dist/tex/generic/oberdiek/gettitlestring.sty
Package: gettitlestring 2010/12/03 v1.4 Cleanup title references (HO)
)
\c@section@level=\count314
)
LaTeX Info: Redefining \ref on input line 136.
LaTeX Info: Redefining \pageref on input line 136.
LaTeX Info: Redefining \nameref on input line 136.

(./vita.out) (./vita.out)
\@outlinefile=\write3

\openout3 = vita.out
\temp@x=\skip258
\temp@y=\skip259
\temp@w=\skip260
\temp@h=\skip261

In PDF mode
luaotfload | load : Lookup/name: "AdobeGaramondPro" -> "Adobe-Garamond-Pro_2012.
ttf"
luaotfload | load : Lookup/name: "AdobeGaramondPro" -> "Adobe-Garamond-Pro_2012.
ttf"
luaotfload | load : Lookup/name: "Adobe Garamond Pro" -> "Adobe-Garamond-Pro_201
2.ttf"
luaotfload | load : Lookup/name: "Adobe Garamond Pro" -> "Adobe-Garamond-Pro_201
2.ttf"
luaotfload | load : Lookup/name: "AGaramondPro-Semibold" -> "Adobe-Garamond-Pro-
Semibold_2011.ttf"
luaotfload | load : Lookup/name: "AGaramondPro-Semibold" -> "Adobe-Garamond-Pro-
Semibold_2011.ttf"
.................................................
. fontspec info: "no-font-shape"
. 
. Could not resolve font AGaramondPro-Semibold/I (it probably doesn't exist).
.................................................
luaotfload | load : Lookup/name: "Adobe Garamond Pro" -> "Adobe-Garamond-Pro_201
2.ttf"
luaotfload | load : Lookup/name: "Adobe Garamond Pro" -> "Adobe-Garamond-Pro-Bol
d-Italic_2007.ttf"
luaotfload | load : Lookup/name: "Adobe Garamond Pro" -> "Adobe-Garamond-Pro_201
2.ttf"
luaotfload | load : Lookup/name: "Adobe Garamond Pro" -> "Adobe-Garamond-Pro-Ita
lic_2009.ttf"
luaotfload | load : Lookup/name: "AdobeGaramondPro" -> "Adobe-Garamond-Pro_2012.
ttf"
luaotfload | load : Lookup/name: "AdobeGaramondPro" -> "Adobe-Garamond-Pro_2012.
ttf"
luaotfload | load : Lookup/name: "AdobeGaramondPro" -> "Adobe-Garamond-Pro_2012.
ttf"
luaotfload | load : Lookup/name: "AGaramondPro-Semibold" -> "Adobe-Garamond-Pro-
Semibold_2011.ttf"
luaotfload | load : Lookup/name: "AGaramondPro-Semibold" -> "Adobe-Garamond-Pro-
Semibold_2011.ttf"
luaotfload | aux : font no 39 (AGaramondPro-Semibold) does not define feature ti
tl for script latn with language dflt
luaotfload | aux : no font with id 39
*************************************************
* fontspec warning: "icu-feature-not-exist-in-font"
* 
* OpenType feature 'Style=TitlingCaps' (+titl) not available for font
* 'AGaramondPro-Semibold' with script 'Latin' and language 'Default'.
*************************************************
luaotfload | aux : font no 39 (AGaramondPro-Semibold) does not define feature ti
tl for script latn with language dflt
luaotfload | aux : no font with id 39
*************************************************
* fontspec warning: "icu-feature-not-exist-in-font"
* 
* OpenType feature 'Style=TitlingCaps' (+titl) not available for font
* 'AGaramondPro-Semibold' with script 'Latin' and language 'Default'.
*************************************************
luaotfload | load : Lookup/name: "AdobeGaramondPro" -> "Adobe-Garamond-Pro-Itali
c_2009.ttf"
luaotfload | load : Lookup/name: "AdobeGaramondPro" -> "Adobe-Garamond-Pro-Itali
c_2009.ttf"
luaotfload | aux : font no 41 (AGaramondPro-Italic) does not define feature titl
 for script latn with language dflt
luaotfload | aux : no font with id 41
*************************************************
* fontspec warning: "icu-feature-not-exist-in-font"
* 
* OpenType feature 'Style=TitlingCaps' (+titl) not available for font
* 'AdobeGaramondPro/I' with script 'Latin' and language 'Default'.
*************************************************
luaotfload | aux : font no 41 (AGaramondPro-Italic) does not define feature smcp
 for script latn with language dflt
luaotfload | aux : no font with id 41
luaotfload | load : Lookup/name: "AdobeGaramondPro" -> "Adobe-Garamond-Pro-Bold-
Italic_2007.ttf"
luaotfload | load : Lookup/name: "AdobeGaramondPro" -> "Adobe-Garamond-Pro-Bold-
Italic_2007.ttf"
luaotfload | aux : font no 40 (AGaramondPro-BoldItalic) does not define feature 
titl for script latn with language dflt
luaotfload | aux : no font with id 40
*************************************************
* fontspec warning: "icu-feature-not-exist-in-font"
* 
* OpenType feature 'Style=TitlingCaps' (+titl) not available for font
* 'AdobeGaramondPro/BI' with script 'Latin' and language 'Default'.
*************************************************
luaotfload | aux : font no 40 (AGaramondPro-BoldItalic) does not define feature 
smcp for script latn with language dflt
luaotfload | aux : no font with id 40
.................................................
. fontspec info: "defining-font"
. 
. Font family 'AdobeGaramondPro(2)' created for font 'Adobe Garamond Pro' with
. options
. [Ligatures=TeX,Ligatures={TeX,Common},BoldFont={AGaramondPro-Semibold},Style=T
itlingCaps].
. 
. This font family consists of the following shapes:
. 
. * 'normal' with NFSS spec.:
. 
. <->"AdobeGaramondPro:mode=node;script=latn;language=DFLT;+tlig;+trep;+tlig;+tr
ep;+liga;+titl;"
. 
. * 'small caps' with NFSS spec.:
. 
. <->"AdobeGaramondPro:mode=node;script=latn;language=DFLT;+tlig;+trep;+tlig;+tr
ep;+liga;+titl;+smcp;"
. and font adjustment code:
. 
. 
. * 'bold' with NFSS spec.:
. 
. <->"AGaramondPro-Semibold:mode=node;script=latn;language=DFLT;+tlig;+trep;+tli
g;+trep;+liga;"
. 
. * 'bold small caps' with NFSS spec.:
. 
. <->"AGaramondPro-Semibold:mode=node;script=latn;language=DFLT;+tlig;+trep;+tli
g;+trep;+liga;+smcp;"
. and font adjustment code:
. 
. 
. * 'italic' with NFSS spec.:
. 
. <->"AdobeGaramondPro/I:mode=node;script=latn;language=DFLT;+tlig;+trep;+tlig;+
trep;+liga;"
. 
. * 'small caps' with NFSS spec.:
. 
. and font adjustment code:
. 
. 
. * 'bold italic' with NFSS spec.:
. 
. <->"AdobeGaramondPro/BI:mode=node;script=latn;language=DFLT;+tlig;+trep;+tlig;
+trep;+liga;"
. 
. * 'bold small caps' with NFSS spec.:
. 
. and font adjustment code:
. 
.................................................
luaotfload | load : Lookup/name: "AdobeGaramondPro" -> "Adobe-Garamond-Pro_2012.
ttf"
luaotfload | load : Lookup/name: "Adobe Garamond Pro" -> "Adobe-Garamond-Pro_201
2.ttf"
luaotfload | load : Lookup/name: "Adobe Garamond Pro" -> "Adobe-Garamond-Pro_201
2.ttf"
luaotfload | load : Lookup/name: "Adobe Garamond Pro" -> "Adobe-Garamond-Pro_201
2.ttf"
luaotfload | load : Lookup/name: "Adobe Garamond Pro" -> "Adobe-Garamond-Pro_201
2.ttf"
LaTeX Font Info:    Font shape `EU2/FontAwesome(0)/m/n' will be
(Font)              scaled to size 8.50006pt on input line 157.
luaotfload | load : Lookup/name: "FontAwesome" -> "FontAwesome.otf"
Package microtype Info: Loading generic settings for font family
(microtype)             `FontAwesome' (encoding: EU2).
(microtype)             For optimal results, create family-specific settings.
(microtype)             See the microtype manual for details.
Package microtype Info: Character `A' is missing
(microtype)             in font `EU2/FontAwesome(0)/m/n/10'.
(microtype)             Ignoring protrusion settings for this character.
Package microtype Info: Character `F' is missing
(microtype)             in font `EU2/FontAwesome(0)/m/n/10'.
(microtype)             Ignoring protrusion settings for this character.
Package microtype Info: Character `J' is missing
(microtype)             in font `EU2/FontAwesome(0)/m/n/10'.
(microtype)             Ignoring protrusion settings for this character.
Package microtype Info: Character `K' is missing
(microtype)             in font `EU2/FontAwesome(0)/m/n/10'.
(microtype)             Ignoring protrusion settings for this character.
Package microtype Info: Character `L' is missing
(microtype)             in font `EU2/FontAwesome(0)/m/n/10'.
(microtype)             Ignoring protrusion settings for this character.
Package microtype Info: Character `T' is missing
(microtype)             in font `EU2/FontAwesome(0)/m/n/10'.
(microtype)             Ignoring protrusion settings for this character.
Package microtype Info: Character `V' is missing
(microtype)             in font `EU2/FontAwesome(0)/m/n/10'.
(microtype)             Ignoring protrusion settings for this character.
Package microtype Info: Character `W' is missing
(microtype)             in font `EU2/FontAwesome(0)/m/n/10'.
(microtype)             Ignoring protrusion settings for this character.
Package microtype Info: Character `X' is missing
(microtype)             in font `EU2/FontAwesome(0)/m/n/10'.
(microtype)             Ignoring protrusion settings for this character.
Package microtype Info: Character `Y' is missing
(microtype)             in font `EU2/FontAwesome(0)/m/n/10'.
(microtype)             Ignoring protrusion settings for this character.
Package microtype Info: Character `k' is missing
(microtype)             in font `EU2/FontAwesome(0)/m/n/10'.
(microtype)             Ignoring protrusion settings for this character.
Package microtype Info: Character `r' is missing
(microtype)             in font `EU2/FontAwesome(0)/m/n/10'.
(microtype)             Ignoring protrusion settings for this character.
Package microtype Info: Character `v' is missing
(microtype)             in font `EU2/FontAwesome(0)/m/n/10'.
(microtype)             Ignoring protrusion settings for this character.
Package microtype Info: Character `w' is missing
(microtype)             in font `EU2/FontAwesome(0)/m/n/10'.
(microtype)             Ignoring protrusion settings for this character.
Package microtype Info: Character `x' is missing
(microtype)             in font `EU2/FontAwesome(0)/m/n/10'.
(microtype)             Ignoring protrusion settings for this character.
Package microtype Info: Character `y' is missing
(microtype)             in font `EU2/FontAwesome(0)/m/n/10'.
(microtype)             Ignoring protrusion settings for this character.
Package microtype Info: Character `1' is missing
(microtype)             in font `EU2/FontAwesome(0)/m/n/10'.
(microtype)             Ignoring protrusion settings for this character.
Package microtype Info: Character `4' is missing
(microtype)             in font `EU2/FontAwesome(0)/m/n/10'.
(microtype)             Ignoring protrusion settings for this character.
Package microtype Info: Character `7' is missing
(microtype)             in font `EU2/FontAwesome(0)/m/n/10'.
(microtype)             Ignoring protrusion settings for this character.
Package microtype Info: Character `.' is missing
(microtype)             in font `EU2/FontAwesome(0)/m/n/10'.
(microtype)             Ignoring protrusion settings for this character.
Package microtype Info: Character `,' is missing
(microtype)             in font `EU2/FontAwesome(0)/m/n/10'.
(microtype)             Ignoring protrusion settings for this character.
Package microtype Info: Character `:' is missing
(microtype)             in font `EU2/FontAwesome(0)/m/n/10'.
(microtype)             Ignoring protrusion settings for this character.
Package microtype Info: Character `;' is missing
(microtype)             in font `EU2/FontAwesome(0)/m/n/10'.
(microtype)             Ignoring protrusion settings for this character.
Package microtype Info: Character `!' is missing
(microtype)             in font `EU2/FontAwesome(0)/m/n/10'.
(microtype)             Ignoring protrusion settings for this character.
Package microtype Info: Character `?' is missing
(microtype)             in font `EU2/FontAwesome(0)/m/n/10'.
(microtype)             Ignoring protrusion settings for this character.
Package microtype Info: Character `@' is missing
(microtype)             in font `EU2/FontAwesome(0)/m/n/10'.
(microtype)             Ignoring protrusion settings for this character.
Package microtype Info: Character `~' is missing
(microtype)             in font `EU2/FontAwesome(0)/m/n/10'.
(microtype)             Ignoring protrusion settings for this character.
Package microtype Info: Character `%' is missing
(microtype)             in font `EU2/FontAwesome(0)/m/n/10'.
(microtype)             Ignoring protrusion settings for this character.
Package microtype Info: Character `*' is missing
(microtype)             in font `EU2/FontAwesome(0)/m/n/10'.
(microtype)             Ignoring protrusion settings for this character.
Package microtype Info: Character `+' is missing
(microtype)             in font `EU2/FontAwesome(0)/m/n/10'.
(microtype)             Ignoring protrusion settings for this character.
Package microtype Info: Character `(' is missing
(microtype)             in font `EU2/FontAwesome(0)/m/n/10'.
(microtype)             Ignoring protrusion settings for this character.
Package microtype Info: Character `)' is missing
(microtype)             in font `EU2/FontAwesome(0)/m/n/10'.
(microtype)             Ignoring protrusion settings for this character.
Package microtype Info: Character `/' is missing
(microtype)             in font `EU2/FontAwesome(0)/m/n/10'.
(microtype)             Ignoring protrusion settings for this character.
Package microtype Info: Character `-' is missing
(microtype)             in font `EU2/FontAwesome(0)/m/n/10'.
(microtype)             Ignoring protrusion settings for this character.
Package microtype Info: Character `textendash ' is missing
(microtype)             in font `EU2/FontAwesome(0)/m/n/10'.
(microtype)             Ignoring protrusion settings for this character.
Package microtype Info: Character `textemdash ' is missing
(microtype)             in font `EU2/FontAwesome(0)/m/n/10'.
(microtype)             Ignoring protrusion settings for this character.
Package microtype Info: Character `textquoteleft ' is missing
(microtype)             in font `EU2/FontAwesome(0)/m/n/10'.
(microtype)             Ignoring protrusion settings for this character.
Package microtype Info: Character `textquoteright ' is missing
(microtype)             in font `EU2/FontAwesome(0)/m/n/10'.
(microtype)             Ignoring protrusion settings for this character.
Package microtype Info: Character `textquotedblleft ' is missing
(microtype)             in font `EU2/FontAwesome(0)/m/n/10'.
(microtype)             Ignoring protrusion settings for this character.
Package microtype Info: Character `textquotedblright ' is missing
(microtype)             in font `EU2/FontAwesome(0)/m/n/10'.
(microtype)             Ignoring protrusion settings for this character.
Package microtype Info: Character `_' is missing
(microtype)             in font `EU2/FontAwesome(0)/m/n/10'.
(microtype)             Ignoring protrusion settings for this character.
Package microtype Info: Character `textbackslash ' is missing
(microtype)             in font `EU2/FontAwesome(0)/m/n/10'.
(microtype)             Ignoring protrusion settings for this character.
Package microtype Info: Character `quotesinglbase ' is missing
(microtype)             in font `EU2/FontAwesome(0)/m/n/10'.
(microtype)             Ignoring protrusion settings for this character.
Package microtype Info: Character `quotedblbase ' is missing
(microtype)             in font `EU2/FontAwesome(0)/m/n/10'.
(microtype)             Ignoring protrusion settings for this character.
Package microtype Info: Character `guilsinglleft ' is missing
(microtype)             in font `EU2/FontAwesome(0)/m/n/10'.
(microtype)             Ignoring protrusion settings for this character.
Package microtype Info: Character `guilsinglright ' is missing
(microtype)             in font `EU2/FontAwesome(0)/m/n/10'.
(microtype)             Ignoring protrusion settings for this character.
Package microtype Info: Character `guillemotleft ' is missing
(microtype)             in font `EU2/FontAwesome(0)/m/n/10'.
(microtype)             Ignoring protrusion settings for this character.
Package microtype Info: Character `guillemotright ' is missing
(microtype)             in font `EU2/FontAwesome(0)/m/n/10'.
(microtype)             Ignoring protrusion settings for this character.
Package microtype Info: Character `textexclamdown ' is missing
(microtype)             in font `EU2/FontAwesome(0)/m/n/10'.
(microtype)             Ignoring protrusion settings for this character.
Package microtype Info: Character `textquestiondown ' is missing
(microtype)             in font `EU2/FontAwesome(0)/m/n/10'.
(microtype)             Ignoring protrusion settings for this character.
Package microtype Info: Character `textbraceleft ' is missing
(microtype)             in font `EU2/FontAwesome(0)/m/n/10'.
(microtype)             Ignoring protrusion settings for this character.
Package microtype Info: Character `textbraceright ' is missing
(microtype)             in font `EU2/FontAwesome(0)/m/n/10'.
(microtype)             Ignoring protrusion settings for this character.
Package microtype Info: Character `textless ' is missing
(microtype)             in font `EU2/FontAwesome(0)/m/n/10'.
(microtype)             Ignoring protrusion settings for this character.
Package microtype Info: Character `textgreater ' is missing
(microtype)             in font `EU2/FontAwesome(0)/m/n/10'.
(microtype)             Ignoring protrusion settings for this character.
luaotfload | load : Lookup/name: "AdobeGaramondPro" -> "Adobe-Garamond-Pro_2012.
ttf"
luatexbase-mcb: inserting 'luaotfload.color_handler'
at position 2 in 'pre_linebreak_filter'
luaotfload | load : Lookup/name: "AdobeGaramondPro" -> "Adobe-Garamond-Pro_2012.
ttf"
luaotfload | load : Lookup/name: "AGaramondPro-Semibold" -> "Adobe-Garamond-Pro-
Semibold_2011.ttf"
luaotfload | load : Lookup/name: "AdobeGaramondPro" -> "Adobe-Garamond-Pro-Itali
c_2009.ttf"
luaotfload | load : Lookup/name: "Adobe Garamond Pro" -> "Adobe-Garamond-Pro_201
2.ttf"
luaotfload | load : Lookup/name: "Adobe Garamond Pro" -> "Adobe-Garamond-Pro_201
2.ttf"
luaotfload | load : Lookup/name: "AGaramondPro-Semibold" -> "Adobe-Garamond-Pro-
Semibold_2011.ttf"
luaotfload | load : Lookup/name: "AGaramondPro-Semibold" -> "Adobe-Garamond-Pro-
Semibold_2011.ttf"
.................................................
. fontspec info: "no-font-shape"
. 
. Could not resolve font AGaramondPro-Semibold/I (it probably doesn't exist).
.................................................
luaotfload | load : Lookup/name: "Adobe Garamond Pro" -> "Adobe-Garamond-Pro_201
2.ttf"
luaotfload | load : Lookup/name: "Adobe Garamond Pro" -> "Adobe-Garamond-Pro-Bol
d-Italic_2007.ttf"
luaotfload | load : Lookup/name: "Adobe Garamond Pro" -> "Adobe-Garamond-Pro_201
2.ttf"
luaotfload | load : Lookup/name: "Adobe Garamond Pro" -> "Adobe-Garamond-Pro-Ita
lic_2009.ttf"
luaotfload | load : Lookup/name: "AdobeGaramondPro" -> "Adobe-Garamond-Pro_2012.
ttf"
luaotfload | load : Lookup/name: "AdobeGaramondPro" -> "Adobe-Garamond-Pro_2012.
ttf"
luaotfload | load : Lookup/name: "AGaramondPro-Semibold" -> "Adobe-Garamond-Pro-
Semibold_2011.ttf"
luaotfload | load : Lookup/name: "AGaramondPro-Semibold" -> "Adobe-Garamond-Pro-
Semibold_2011.ttf"
luaotfload | load : Lookup/name: "AdobeGaramondPro" -> "Adobe-Garamond-Pro-Itali
c_2009.ttf"
luaotfload | load : Lookup/name: "AdobeGaramondPro" -> "Adobe-Garamond-Pro-Itali
c_2009.ttf"
luaotfload | aux : font no 52 (AGaramondPro-Italic) does not define feature smcp
 for script latn with language dflt
luaotfload | aux : no font with id 52
luaotfload | load : Lookup/name: "AdobeGaramondPro" -> "Adobe-Garamond-Pro-Bold-
Italic_2007.ttf"
luaotfload | load : Lookup/name: "AdobeGaramondPro" -> "Adobe-Garamond-Pro-Bold-
Italic_2007.ttf"
luaotfload | aux : font no 51 (AGaramondPro-BoldItalic) does not define feature 
smcp for script latn with language dflt
luaotfload | aux : no font with id 51
.................................................
. fontspec info: "defining-font"
. 
. Font family 'AdobeGaramondPro(3)' created for font 'Adobe Garamond Pro' with
. options
. [Ligatures=TeX,Ligatures={TeX,Common},BoldFont={AGaramondPro-Semibold},Numbers
=OldStyle].
. 
. This font family consists of the following shapes:
. 
. * 'normal' with NFSS spec.:
. 
. <->"AdobeGaramondPro:mode=node;script=latn;language=DFLT;+tlig;+trep;+tlig;+tr
ep;+liga;+onum;"
. 
. * 'small caps' with NFSS spec.:
. 
. <->"AdobeGaramondPro:mode=node;script=latn;language=DFLT;+tlig;+trep;+tlig;+tr
ep;+liga;+onum;+smcp;"
. and font adjustment code:
. 
. 
. * 'bold' with NFSS spec.:
. 
. <->"AGaramondPro-Semibold:mode=node;script=latn;language=DFLT;+tlig;+trep;+tli
g;+trep;+liga;+onum;"
. 
. * 'bold small caps' with NFSS spec.:
. 
. <->"AGaramondPro-Semibold:mode=node;script=latn;language=DFLT;+tlig;+trep;+tli
g;+trep;+liga;+onum;+smcp;"
. and font adjustment code:
. 
. 
. * 'italic' with NFSS spec.:
. 
. <->"AdobeGaramondPro/I:mode=node;script=latn;language=DFLT;+tlig;+trep;+tlig;+
trep;+liga;+onum;"
. 
. * 'small caps' with NFSS spec.:
. 
. and font adjustment code:
. 
. 
. * 'bold italic' with NFSS spec.:
. 
. <->"AdobeGaramondPro/BI:mode=node;script=latn;language=DFLT;+tlig;+trep;+tlig;
+trep;+liga;+onum;"
. 
. * 'bold small caps' with NFSS spec.:
. 
. and font adjustment code:
. 
.................................................
luaotfload | load : Lookup/name: "AdobeGaramondPro" -> "Adobe-Garamond-Pro_2012.
ttf"
luaotfload | load : Lookup/name: "Adobe Garamond Pro" -> "Adobe-Garamond-Pro_201
2.ttf"
luaotfload | load : Lookup/name: "Adobe Garamond Pro" -> "Adobe-Garamond-Pro_201
2.ttf"
luaotfload | load : Lookup/name: "Adobe Garamond Pro" -> "Adobe-Garamond-Pro_201
2.ttf"
luaotfload | load : Lookup/name: "Adobe Garamond Pro" -> "Adobe-Garamond-Pro_201
2.ttf"
Package microtype Info: Loading generic settings for font family
(microtype)             `mdpgd' (encoding: OT1).
(microtype)             For optimal results, create family-specific settings.
(microtype)             See the microtype manual for details.
luaotfload | main : loading virtual font file /usr/share/texlive/texmf-dist/font
s/vf/public/mathdesign/mdpgd/mdpgdr7t.vf.
luaotfload | main : loading virtual font file /usr/share/texlive/texmf-dist/font
s/vf/public/mathdesign/mdpgd/mdpgdr7t.vf.
LaTeX Font Info:    Try loading font information for OML+mdpgd on input line 204
.
(/usr/share/texlive/texmf-dist/tex/latex/mathdesign/mdpgd/omlmdpgd.fd
File: omlmdpgd.fd 2013/08/29 Fontinst v1.933 font definitions for OML/mdpgd.
)
luaotfload | main : loading virtual font file /usr/share/texlive/texmf-dist/font
s/vf/public/mathdesign/mdpgd/mdpgdri7m.vf.
luaotfload | main : loading virtual font file /usr/share/texlive/texmf-dist/font
s/vf/public/mathdesign/mdpgd/mdpgdri7m.vf.
luaotfload | main : loading virtual font file /usr/share/texlive/texmf-dist/font
s/vf/public/mathdesign/mdpgd/mdpgdri7m.vf.
LaTeX Font Info:    Try loading font information for OMS+mdpgd on input line 204
.

(/usr/share/texlive/texmf-dist/tex/latex/mathdesign/mdpgd/omsmdpgd.fd
File: omsmdpgd.fd 2013/08/29 Fontinst v1.933 font definitions for OMS/mdpgd.
)
luaotfload | main : loading virtual font file /usr/share/texlive/texmf-dist/font
s/vf/public/mathdesign/mdpgd/mdpgdr7y.vf.
luaotfload | main : loading virtual font file /usr/share/texlive/texmf-dist/font
s/vf/public/mathdesign/mdpgd/mdxgdr7y.vf.
luaotfload | main : loading virtual font file /usr/share/texlive/texmf-dist/font
s/vf/public/mathdesign/mdpgd/mdpgdr7y.vf.
luaotfload | main : loading virtual font file /usr/share/texlive/texmf-dist/font
s/vf/public/mathdesign/mdpgd/mdxgdr7y.vf.
luaotfload | main : loading virtual font file /usr/share/texlive/texmf-dist/font
s/vf/public/mathdesign/mdpgd/mdpgdr7y.vf.
luaotfload | main : loading virtual font file /usr/share/texlive/texmf-dist/font
s/vf/public/mathdesign/mdpgd/mdxgdr7y.vf.
LaTeX Font Info:    Try loading font information for OMX+mdpgd on input line 204
.

(/usr/share/texlive/texmf-dist/tex/latex/mathdesign/mdpgd/omxmdpgd.fd
File: omxmdpgd.fd 2013/08/29 Fontinst v1.933 font definitions for OMX/mdpgd.
)
luaotfload | main : loading virtual font file /usr/share/texlive/texmf-dist/font
s/vf/public/mathdesign/mdpgd/mdpgdr7v.vf.
luaotfload | main : loading virtual font file /usr/share/texlive/texmf-dist/font
s/vf/public/mathdesign/mdpgd/mdpgdr7v.vf.
luaotfload | main : loading virtual font file /usr/share/texlive/texmf-dist/font
s/vf/public/mathdesign/mdpgd/mdpgdr7v.vf.
luaotfload | main : loading virtual font file /usr/share/texlive/texmf-dist/font
s/vf/public/mathdesign/mdpgd/mdpgdr7m.vf.
luaotfload | main : loading virtual font file /usr/share/texlive/texmf-dist/font
s/vf/public/mathdesign/mdpgd/mdpgdr7m.vf.
luaotfload | main : loading virtual font file /usr/share/texlive/texmf-dist/font
s/vf/public/mathdesign/mdpgd/mdpgdr7m.vf.
LaTeX Font Info:    Try loading font information for MDA+mdpgd on input line 204
.

(/usr/share/texlive/texmf-dist/tex/latex/mathdesign/mdpgd/mdamdpgd.fd
File: mdamdpgd.fd 2013/08/29 Fontinst v1.933 font definitions for MDA/mdpgd.
)
luaotfload | main : loading virtual font file /usr/share/texlive/texmf-dist/font
s/vf/public/mathdesign/mdpgd/mdpgdrma.vf.
luaotfload | main : loading virtual font file /usr/share/texlive/texmf-dist/font
s/vf/public/mathdesign/mdpgd/mdpgdrma.vf.
luaotfload | main : loading virtual font file /usr/share/texlive/texmf-dist/font
s/vf/public/mathdesign/mdpgd/mdxgdr8t.vf.
luaotfload | main : loading virtual font file /usr/share/texlive/texmf-dist/font
s/vf/public/mathdesign/mdpgd/mdpgdrma.vf.
luaotfload | main : loading virtual font file /usr/share/texlive/texmf-dist/font
s/vf/public/mathdesign/mdpgd/mdxgdr8t.vf.
LaTeX Font Info:    Try loading font information for MDB+mdpgd on input line 204
.

(/usr/share/texlive/texmf-dist/tex/latex/mathdesign/mdpgd/mdbmdpgd.fd
File: mdbmdpgd.fd 2013/08/29 Fontinst v1.933 font definitions for MDB/mdpgd.
)
luaotfload | main : loading virtual font file /usr/share/texlive/texmf-dist/font
s/vf/public/mathdesign/mdpgd/mdpgdrmb.vf.
luaotfload | main : loading virtual font file /usr/share/texlive/texmf-dist/font
s/vf/public/mathdesign/mdpgd/mdpgdrmb.vf.
luaotfload | main : loading virtual font file /usr/share/texlive/texmf-dist/font
s/vf/public/mathdesign/mdpgd/mdpgdrmb.vf.
luaotfload | load : Lookup/name: "AdobeGaramondPro" -> "Adobe-Garamond-Pro_2012.
ttf"
luaotfload | load : Lookup/name: "Adobe Garamond Pro" -> "Adobe-Garamond-Pro_201
2.ttf"
luaotfload | load : Lookup/name: "Adobe Garamond Pro" -> "Adobe-Garamond-Pro_201
2.ttf"
luaotfload | load : Lookup/name: "AdobeGaramondPro" -> "Adobe-Garamond-Pro_2012.
ttf"
luaotfload | load : Lookup/name: "Adobe Garamond Pro" -> "Adobe-Garamond-Pro_201
2.ttf"
luaotfload | load : Lookup/name: "Adobe Garamond Pro" -> "Adobe-Garamond-Pro_201
2.ttf" [1

{/var/lib/texmf/fonts/map/pdftex/updmap/pdftex.map}]
luaotfload | load : Lookup/name: "Adobe Garamond Pro" -> "Adobe-Garamond-Pro_201
2.ttf"
luaotfload | load : Lookup/name: "Adobe Garamond Pro" -> "Adobe-Garamond-Pro_201
2.ttf"
luaotfload | load : Lookup/name: "Adobe Garamond Pro" -> "Adobe-Garamond-Pro_201
2.ttf"
luaotfload | load : Lookup/name: "Adobe Garamond Pro" -> "Adobe-Garamond-Pro_201
2.ttf"
luaotfload | load : Lookup/name: "Adobe Garamond Pro" -> "Adobe-Garamond-Pro_201
2.ttf"
luaotfload | load : Lookup/name: "Adobe Garamond Pro" -> "Adobe-Garamond-Pro_201
2.ttf"
luaotfload | load : Lookup/name: "Adobe Garamond Pro" -> "Adobe-Garamond-Pro_201
2.ttf"
luaotfload | load : Lookup/name: "Adobe Garamond Pro" -> "Adobe-Garamond-Pro_201
2.ttf"
luaotfload | load : Lookup/name: "Adobe Garamond Pro" -> "Adobe-Garamond-Pro_201
2.ttf"
luaotfload | load : Lookup/name: "Adobe Garamond Pro" -> "Adobe-Garamond-Pro_201
2.ttf"
LaTeX Font Info:    Font shape `EU2/AdobeGaramondPro(0)/m/sl' in size <12> not a
vailable
(Font)              Font shape `EU2/AdobeGaramondPro(0)/m/it' tried instead on i
nput line 266.
luaotfload | load : Lookup/name: "AdobeGaramondPro" -> "Adobe-Garamond-Pro-Itali
c_2009.ttf"
luaotfload | load : Lookup/name: "AdobeGaramondPro" -> "Adobe-Garamond-Pro-Itali
c_2009.ttf"

Package Fancyhdr Warning: \headheight is too small (12.0pt): 
 Make it at least 14.49998pt.
 We now make it that large for the rest of the document.
 This may cause the page layout to be inconsistent, however.

[2]
*geometry* verbose mode - [ newgeometry ] result:
* driver: pdftex
* paper: letterpaper
* layout: <same size as paper>
* layoutoffset:(h,v)=(0.0pt,0.0pt)
* modes: 
* h-part:(L,W,R)=(144.54pt, 397.48502pt, 72.26999pt)
* v-part:(T,H,B)=(72.26999pt, 641.39626pt, 81.30374pt)
* \paperwidth=614.295pt
* \paperheight=794.96999pt
* \textwidth=397.48502pt
* \textheight=641.39626pt
* \oddsidemargin=72.27pt
* \evensidemargin=72.27pt
* \topmargin=-37.0pt
* \headheight=12.0pt
* \headsep=25.0pt
* \topskip=12.0pt
* \footskip=30.0pt
* \marginparwidth=44.0pt
* \marginparsep=10.0pt
* \columnsep=10.0pt
* \skip\footins=10.8pt plus 4.0pt minus 2.0pt
* \hoffset=0.0pt
* \voffset=0.0pt
* \mag=1000
* \@twocolumnfalse
* \@twosidefalse
* \@mparswitchfalse
* \@reversemarginfalse
* (1in=72.27pt=25.4mm, 1cm=28.453pt)


Underfull \hbox (badness 10000) in paragraph at lines 268--292

 []


Underfull \hbox (badness 10000) in paragraph at lines 294--294
[][][]\EU2/AdobeGaramondPro(1)/m/n/10 R[][][]-[][][][][][][][][]
[][][]
 []


Package Fancyhdr Warning: \headheight is too small (12.0pt): 
 Make it at least 14.49998pt.
 We now make it that large for the rest of the document.
 This may cause the page layout to be inconsistent, however.

[3

] 
AED: lastpage setting LastPage
[4]
Package atveryend Info: Empty hook `BeforeClearDocument' on input line 340.
Package atveryend Info: Empty hook `AfterLastShipout' on input line 340.
 (./vita.aux)
Package atveryend Info: Executing hook `AtVeryEndDocument' on input line 340.
Package atveryend Info: Executing hook `AtEndAfterFileList' on input line 340.
Package rerunfilecheck Info: File `vita.out' has not changed.
(rerunfilecheck)             Checksum: D41D8CD98F00B204E9800998ECF8427E;0.


LaTeX Font Warning: Some font shapes were not available, defaults substituted.

Package atveryend Info: Empty hook `AtVeryVeryEnd' on input line 340.
)

Here is how much of LuaTeX's memory you used:
 25449 strings out of 494688
 100000,552014 words of node,token memory allocated
 363 words of node memory still in use:
   3 hlist, 3 vlist, 1 rule, 3 glue, 1 kern, 6 attribute, 46 glue_spec, 6 attrib
ute_list, 2 write nodes
   avail lists: 2:10360,3:412,4:957,5:300,6:3419,7:255,8:12,9:151,10:363
 28240 multiletter control sequences out of 65536+600000
 113 fonts using 7935135 bytes
 48i,12n,68p,1200b,378s stack positions out of 5000i,500n,10000p,200000b,100000s
</home/umit/.fonts/Adobe-Garamond-Pro-Italic_2009.ttf></home/umit/.fonts/Adobe-G
aramond-Pro-Semibold_2011.ttf></usr/share/texlive/texmf-dist/fonts/opentype/publ
ic/fontawesome/FontAwesome.otf></home/umit/.fonts/Adobe-Garamond-Pro_2012.ttf><<
/usr/share/texlive/texmf-dist/fonts/type1/public/mathdesign/mdpgd/md-gdr7t.pfb>
Output written on vita.pdf (4 pages, 52392 bytes).

PDF statistics: 78 PDF objects out of 1000 (max. 8388607)
 58 compressed objects within 1 object stream
 5 named destinations out of 1000 (max. 131072)
 16 words of extra memory for PDF output out of 10000 (max. 10000000)

